[debug] [2025-10-26T06:14:13.639Z] ----------------------------------------------------------------------
[debug] [2025-10-26T06:14:13.643Z] Command:       C:\Program Files\nodejs\node.exe C:\Users\Admin\AppData\Roaming\npm\node_modules\firebase-tools\lib\bin\firebase.js init functions
[debug] [2025-10-26T06:14:13.644Z] CLI Version:   14.22.0
[debug] [2025-10-26T06:14:13.644Z] Platform:      win32
[debug] [2025-10-26T06:14:13.645Z] Node Version:  v22.14.0
[debug] [2025-10-26T06:14:13.646Z] Time:          Sun Oct 26 2025 14:14:13 GMT+0800 (Singapore Standard Time)
[debug] [2025-10-26T06:14:13.646Z] ----------------------------------------------------------------------
[debug] 
[info] 
     ######## #### ########  ######## ########     ###     ######  ########
     ##        ##  ##     ## ##       ##     ##  ##   ##  ##       ##
     ######    ##  ########  ######   ########  #########  ######  ######
     ##        ##  ##    ##  ##       ##     ## ##     ##       ## ##
     ##       #### ##     ## ######## ########  ##     ##  ######  ########

You're about to initialize a Firebase project in this directory:

  C:\Users\Admin\Desktop\Integration\NEW UI\Multimodal_App - Copy

[info] 
=== Project Setup
[info] 
[info] First, let's associate this project directory with a Firebase project.
[info] You can create multiple project aliases by running firebase use --add, 
[info] 
[debug] [2025-10-26T06:14:41.649Z] > command requires scopes: ["email","openid","https://www.googleapis.com/auth/cloudplatformprojects.readonly","https://www.googleapis.com/auth/firebase","https://www.googleapis.com/auth/cloud-platform"]
[debug] [2025-10-26T06:14:41.650Z] > authorizing via signed-in user (rubric.capstone@gmail.com)
[debug] [2025-10-26T06:14:41.651Z] Checked if tokens are valid: true, expires at: 1761461837797
[debug] [2025-10-26T06:14:41.652Z] Checked if tokens are valid: true, expires at: 1761461837797
[debug] [2025-10-26T06:14:41.653Z] >>> [apiv2][query] GET https://firebase.googleapis.com/v1beta1/projects pageSize=100
[debug] [2025-10-26T06:14:42.289Z] <<< [apiv2][status] GET https://firebase.googleapis.com/v1beta1/projects 200
[debug] [2025-10-26T06:14:42.289Z] <<< [apiv2][body] GET https://firebase.googleapis.com/v1beta1/projects [omitted]
[debug] [2025-10-26T06:15:28.999Z] ExitPromptError: User force closed the prompt with SIGINT
    at Interface.sigint (C:\Users\Admin\AppData\Roaming\npm\node_modules\firebase-tools\node_modules\@inquirer\core\dist\commonjs\lib\create-prompt.js:101:37)
    at Interface.emit (node:events:518:28)
    at Interface.emit (node:domain:489:12)
    at [_ttyWrite] [as _ttyWrite] (node:internal/readline/interface:1124:18)
    at ReadStream.onkeypress (node:internal/readline/interface:263:20)
    at ReadStream.emit (node:events:530:35)
    at ReadStream.emit (node:domain:489:12)
    at emitKeys (node:internal/readline/utils:370:14)
    at emitKeys.next (<anonymous>)
    at ReadStream.onData (node:internal/readline/emitKeypressEvents:64:36)
[error] 
[error] Error: An unexpected error has occurred.
